2026-06-15 09:46:28,347 [INFO] ============================================================
2026-06-15 09:46:28,347 [INFO] TrustGuard Week 6 | Module 2 | Ensemble Confidence
2026-06-15 09:46:28,347 [INFO] ============================================================
2026-06-15 09:46:28,360 [INFO]   W1-001: ensemble=0.6089 tier=MODERATE_CONFIDENCE
2026-06-15 09:46:28,360 [INFO]   W1-002: ensemble=0.5349 tier=MODERATE_CONFIDENCE
2026-06-15 09:46:28,360 [INFO]   W1-003: ensemble=0.8247 tier=HIGH_CONFIDENCE
2026-06-15 09:46:28,361 [INFO]   W1-004: ensemble=0.8247 tier=HIGH_CONFIDENCE
2026-06-15 09:46:28,383 [INFO]   W1-005: ensemble=0.8247 tier=HIGH_CONFIDENCE
2026-06-15 09:46:28,384 [INFO]   W1-006: ensemble=0.8247 tier=HIGH_CONFIDENCE
2026-06-15 09:46:28,385 [INFO]   W1-007: ensemble=0.6444 tier=MODERATE_CONFIDENCE
2026-06-15 09:46:28,385 [INFO]   W1-008: ensemble=0.8247 tier=HIGH_CONFIDENCE
2026-06-15 09:46:28,386 [INFO]   W1-009: ensemble=0.6089 tier=MODERATE_CONFIDENCE
2026-06-15 09:46:28,387 [INFO]   W1-010: ensemble=0.8247 tier=HIGH_CONFIDENCE
2026-06-15 09:46:28,387 [INFO]   W1-011: ensemble=0.6089 tier=MODERATE_CONFIDENCE
2026-06-15 09:46:28,388 [INFO]   W1-012: ensemble=0.4881 tier=LOW_CONFIDENCE
2026-06-15 09:46:28,388 [INFO]   W1-013: ensemble=0.6089 tier=MODERATE_CONFIDENCE
2026-06-15 09:46:28,388 [INFO]   W1-014: ensemble=0.7843 tier=HIGH_CONFIDENCE
2026-06-15 09:46:28,389 [INFO]   W1-015: ensemble=0.8247 tier=HIGH_CONFIDENCE
2026-06-15 09:46:28,389 [INFO]   W1-016: ensemble=0.5904 tier=MODERATE_CONFIDENCE
2026-06-15 09:46:28,390 [INFO]   W1-017: ensemble=0.8247 tier=HIGH_CONFIDENCE
2026-06-15 09:46:28,390 [INFO]   W1-018: ensemble=0.8247 tier=HIGH_CONFIDENCE
2026-06-15 09:46:28,391 [INFO]   W1-019: ensemble=0.7843 tier=HIGH_CONFIDENCE
2026-06-15 09:46:28,392 [INFO]   W1-020: ensemble=0.6334 tier=MODERATE_CONFIDENCE
2026-06-15 09:46:28,393 [INFO]   W2-021: ensemble=0.8247 tier=HIGH_CONFIDENCE
2026-06-15 09:46:28,393 [INFO]   W2-022: ensemble=0.6444 tier=MODERATE_CONFIDENCE
2026-06-15 09:46:28,394 [INFO]   W2-023: ensemble=0.8247 tier=HIGH_CONFIDENCE
2026-06-15 09:46:28,394 [INFO]   W2-024: ensemble=0.5866 tier=MODERATE_CONFIDENCE
2026-06-15 09:46:28,396 [INFO]   W2-025: ensemble=0.8247 tier=HIGH_CONFIDENCE
2026-06-15 09:46:28,396 [INFO]   W2-026: ensemble=0.8247 tier=HIGH_CONFIDENCE
2026-06-15 09:46:28,396 [INFO]   W2-027: ensemble=0.8247 tier=HIGH_CONFIDENCE
2026-06-15 09:46:28,397 [INFO]   W2-028: ensemble=0.8247 tier=HIGH_CONFIDENCE
2026-06-15 09:46:28,397 [INFO]   W2-029: ensemble=0.8247 tier=HIGH_CONFIDENCE
2026-06-15 09:46:28,397 [INFO]   W2-030: ensemble=0.8247 tier=HIGH_CONFIDENCE
2026-06-15 09:46:28,397 [INFO]   W2-031: ensemble=0.5774 tier=MODERATE_CONFIDENCE
2026-06-15 09:46:28,398 [INFO]   W2-032: ensemble=0.8247 tier=HIGH_CONFIDENCE
2026-06-15 09:46:28,398 [INFO]   W2-033: ensemble=0.8247 tier=HIGH_CONFIDENCE
2026-06-15 09:46:28,398 [INFO]   W2-034: ensemble=0.7198 tier=MODERATE_CONFIDENCE
2026-06-15 09:46:28,398 [INFO]   W2-035: ensemble=0.8247 tier=HIGH_CONFIDENCE
2026-06-15 09:46:28,398 [INFO]   W2-036: ensemble=0.5774 tier=MODERATE_CONFIDENCE
2026-06-15 09:46:28,399 [INFO]   W2-037: ensemble=0.5589 tier=MODERATE_CONFIDENCE
2026-06-15 09:46:28,399 [INFO]   W2-038: ensemble=0.5774 tier=MODERATE_CONFIDENCE
2026-06-15 09:46:28,400 [INFO]   W2-039: ensemble=0.5774 tier=MODERATE_CONFIDENCE
2026-06-15 09:46:28,400 [INFO]   W2-040: ensemble=0.5774 tier=MODERATE_CONFIDENCE
2026-06-15 09:46:28,400 [INFO]   W2-041: ensemble=0.7843 tier=HIGH_CONFIDENCE
2026-06-15 09:46:28,400 [INFO]   W2-042: ensemble=0.7843 tier=HIGH_CONFIDENCE
2026-06-15 09:46:28,401 [INFO]   W2-043: ensemble=0.8247 tier=HIGH_CONFIDENCE
2026-06-15 09:46:28,401 [INFO]   W2-044: ensemble=0.6848 tier=MODERATE_CONFIDENCE
2026-06-15 09:46:28,401 [INFO]   W2-045: ensemble=0.6051 tier=MODERATE_CONFIDENCE
2026-06-15 09:46:28,402 [INFO]   W2-046: ensemble=0.8247 tier=HIGH_CONFIDENCE
2026-06-15 09:46:28,402 [INFO]   W2-047: ensemble=0.6051 tier=MODERATE_CONFIDENCE
2026-06-15 09:46:28,402 [INFO]   W2-048: ensemble=0.8247 tier=HIGH_CONFIDENCE
2026-06-15 09:46:28,403 [INFO]   W2-049: ensemble=0.6089 tier=MODERATE_CONFIDENCE
2026-06-15 09:46:28,403 [INFO]   W2-050: ensemble=0.8247 tier=HIGH_CONFIDENCE
2026-06-15 09:46:28,403 [INFO]   W2-051: ensemble=0.8247 tier=HIGH_CONFIDENCE
2026-06-15 09:46:28,404 [INFO]   W2-052: ensemble=0.8247 tier=HIGH_CONFIDENCE
2026-06-15 09:46:28,404 [INFO]   W2-053: ensemble=0.8247 tier=HIGH_CONFIDENCE
2026-06-15 09:46:28,404 [INFO]   W2-054: ensemble=0.6996 tier=MODERATE_CONFIDENCE
2026-06-15 09:46:28,405 [INFO]   W2-055: ensemble=0.8247 tier=HIGH_CONFIDENCE
2026-06-15 09:46:28,405 [INFO]   W2-056: ensemble=0.8247 tier=HIGH_CONFIDENCE
2026-06-15 09:46:28,405 [INFO]   W2-057: ensemble=0.8247 tier=HIGH_CONFIDENCE
2026-06-15 09:46:28,406 [INFO]   W2-058: ensemble=0.8247 tier=HIGH_CONFIDENCE
2026-06-15 09:46:28,406 [INFO]   W2-059: ensemble=0.6319 tier=MODERATE_CONFIDENCE
2026-06-15 09:46:28,406 [INFO]   W2-060: ensemble=0.6089 tier=MODERATE_CONFIDENCE
2026-06-15 09:46:28,407 [INFO]   W2-061: ensemble=0.5791 tier=MODERATE_CONFIDENCE
2026-06-15 09:46:28,407 [INFO]   W2-062: ensemble=0.7527 tier=HIGH_CONFIDENCE
2026-06-15 09:46:28,407 [INFO]   W2-063: ensemble=0.5164 tier=MODERATE_CONFIDENCE
2026-06-15 09:46:28,408 [INFO]   W2-064: ensemble=0.6196 tier=MODERATE_CONFIDENCE
2026-06-15 09:46:28,408 [INFO]   W2-065: ensemble=0.6642 tier=MODERATE_CONFIDENCE
2026-06-15 09:46:28,408 [INFO]   W3-066: ensemble=0.6843 tier=MODERATE_CONFIDENCE
2026-06-15 09:46:28,408 [INFO]   W3-067: ensemble=0.6843 tier=MODERATE_CONFIDENCE
2026-06-15 09:46:28,408 [INFO]   W3-068: ensemble=0.6843 tier=MODERATE_CONFIDENCE
2026-06-15 09:46:28,408 [INFO]   W3-069: ensemble=0.6843 tier=MODERATE_CONFIDENCE
2026-06-15 09:46:28,409 [INFO]   W3-070: ensemble=0.5444 tier=MODERATE_CONFIDENCE
2026-06-15 09:46:28,409 [INFO]   W3-071: ensemble=0.6843 tier=MODERATE_CONFIDENCE
2026-06-15 09:46:28,409 [INFO]   W3-072: ensemble=0.6843 tier=MODERATE_CONFIDENCE
2026-06-15 09:46:28,410 [INFO]   W3-073: ensemble=0.5089 tier=MODERATE_CONFIDENCE
2026-06-15 09:46:28,410 [INFO]   W3-074: ensemble=0.6843 tier=MODERATE_CONFIDENCE
2026-06-15 09:46:28,411 [INFO]   W3-075: ensemble=0.5444 tier=MODERATE_CONFIDENCE
2026-06-15 09:46:28,411 [INFO]   W3-076: ensemble=0.6843 tier=MODERATE_CONFIDENCE
2026-06-15 09:46:28,411 [INFO]   W3-077: ensemble=0.6843 tier=MODERATE_CONFIDENCE
2026-06-15 09:46:28,412 [INFO]   W3-078: ensemble=0.6843 tier=MODERATE_CONFIDENCE
2026-06-15 09:46:28,412 [INFO]   W3-079: ensemble=0.5444 tier=MODERATE_CONFIDENCE
2026-06-15 09:46:28,412 [INFO]   W3-080: ensemble=0.5089 tier=MODERATE_CONFIDENCE
2026-06-15 09:46:28,412 [INFO]   W3-081: ensemble=0.5444 tier=MODERATE_CONFIDENCE
2026-06-15 09:46:28,413 [INFO]   W3-082: ensemble=0.6843 tier=MODERATE_CONFIDENCE
2026-06-15 09:46:28,413 [INFO]   W3-083: ensemble=0.6843 tier=MODERATE_CONFIDENCE
2026-06-15 09:46:28,413 [INFO]   W3-084: ensemble=0.6843 tier=MODERATE_CONFIDENCE
2026-06-15 09:46:28,414 [INFO]   W3-085: ensemble=0.6843 tier=MODERATE_CONFIDENCE
2026-06-15 09:46:28,414 [INFO]   W3-086: ensemble=0.5089 tier=MODERATE_CONFIDENCE
2026-06-15 09:46:28,414 [INFO]   W3-087: ensemble=0.4904 tier=LOW_CONFIDENCE
2026-06-15 09:46:28,414 [INFO]   W3-088: ensemble=0.6843 tier=MODERATE_CONFIDENCE
2026-06-15 09:46:28,415 [INFO]   W3-089: ensemble=0.6843 tier=MODERATE_CONFIDENCE
2026-06-15 09:46:28,415 [INFO]   W3-090: ensemble=0.5444 tier=MODERATE_CONFIDENCE
2026-06-15 09:46:28,415 [INFO]   W3-091: ensemble=0.5089 tier=MODERATE_CONFIDENCE
2026-06-15 09:46:28,415 [INFO]   W3-092: ensemble=0.4904 tier=LOW_CONFIDENCE
2026-06-15 09:46:28,416 [INFO]   W3-093: ensemble=0.6843 tier=MODERATE_CONFIDENCE
2026-06-15 09:46:28,416 [INFO]   W3-094: ensemble=0.6843 tier=MODERATE_CONFIDENCE
2026-06-15 09:46:28,416 [INFO]   W3-095: ensemble=0.5444 tier=MODERATE_CONFIDENCE
2026-06-15 09:46:28,417 [INFO]   W3-096: ensemble=0.6843 tier=MODERATE_CONFIDENCE
2026-06-15 09:46:28,417 [INFO]   W3-097: ensemble=0.5444 tier=MODERATE_CONFIDENCE
2026-06-15 09:46:28,417 [INFO]   W3-098: ensemble=0.6843 tier=MODERATE_CONFIDENCE
2026-06-15 09:46:28,418 [INFO]   W3-099: ensemble=0.6843 tier=MODERATE_CONFIDENCE
2026-06-15 09:46:28,418 [INFO]   W3-100: ensemble=0.6843 tier=MODERATE_CONFIDENCE
2026-06-15 09:46:28,419 [INFO]   W3-101: ensemble=0.6843 tier=MODERATE_CONFIDENCE
2026-06-15 09:46:28,419 [INFO]   W3-102: ensemble=0.5089 tier=MODERATE_CONFIDENCE
2026-06-15 09:46:28,420 [INFO]   W3-103: ensemble=0.6843 tier=MODERATE_CONFIDENCE
2026-06-15 09:46:28,420 [INFO]   W3-104: ensemble=0.6843 tier=MODERATE_CONFIDENCE
2026-06-15 09:46:28,420 [INFO]   W3-105: ensemble=0.6843 tier=MODERATE_CONFIDENCE
2026-06-15 09:46:28,421 [INFO]   W4-106: ensemble=0.6843 tier=MODERATE_CONFIDENCE
2026-06-15 09:46:28,421 [INFO]   W4-107: ensemble=0.6843 tier=MODERATE_CONFIDENCE
2026-06-15 09:46:28,421 [INFO]   W4-108: ensemble=0.6843 tier=MODERATE_CONFIDENCE
2026-06-15 09:46:28,421 [INFO]   W4-109: ensemble=0.6843 tier=MODERATE_CONFIDENCE
2026-06-15 09:46:28,422 [INFO]   W4-110: ensemble=0.5444 tier=MODERATE_CONFIDENCE
2026-06-15 09:46:28,422 [INFO]   W4-111: ensemble=0.6843 tier=MODERATE_CONFIDENCE
2026-06-15 09:46:28,422 [INFO]   W4-112: ensemble=0.6843 tier=MODERATE_CONFIDENCE
2026-06-15 09:46:28,422 [INFO]   W4-113: ensemble=0.6843 tier=MODERATE_CONFIDENCE
2026-06-15 09:46:28,423 [INFO]   W4-114: ensemble=0.6843 tier=MODERATE_CONFIDENCE
2026-06-15 09:46:28,423 [INFO]   W4-115: ensemble=0.6843 tier=MODERATE_CONFIDENCE
2026-06-15 09:46:28,424 [INFO]   W4-116: ensemble=0.6843 tier=MODERATE_CONFIDENCE
2026-06-15 09:46:28,424 [INFO]   W4-117: ensemble=0.4904 tier=LOW_CONFIDENCE
2026-06-15 09:46:28,425 [INFO]   W4-118: ensemble=0.6843 tier=MODERATE_CONFIDENCE
2026-06-15 09:46:28,425 [INFO]   W4-119: ensemble=0.6843 tier=MODERATE_CONFIDENCE
2026-06-15 09:46:28,425 [INFO]   W4-120: ensemble=0.5444 tier=MODERATE_CONFIDENCE
2026-06-15 09:46:28,425 [INFO]   W4-121: ensemble=0.6843 tier=MODERATE_CONFIDENCE
2026-06-15 09:46:28,426 [INFO]   W4-122: ensemble=0.6843 tier=MODERATE_CONFIDENCE
2026-06-15 09:46:28,426 [INFO]   W4-123: ensemble=0.5089 tier=MODERATE_CONFIDENCE
2026-06-15 09:46:28,427 [INFO]   W4-124: ensemble=0.5089 tier=MODERATE_CONFIDENCE
2026-06-15 09:46:28,427 [INFO]   W4-125: ensemble=0.5444 tier=MODERATE_CONFIDENCE
2026-06-15 09:46:28,427 [INFO]   W4-126: ensemble=0.5089 tier=MODERATE_CONFIDENCE
2026-06-15 09:46:28,428 [INFO]   W4-127: ensemble=0.5089 tier=MODERATE_CONFIDENCE
2026-06-15 09:46:28,428 [INFO]   W4-128: ensemble=0.5089 tier=MODERATE_CONFIDENCE
2026-06-15 09:46:28,428 [INFO]   W4-129: ensemble=0.6843 tier=MODERATE_CONFIDENCE
2026-06-15 09:46:28,429 [INFO]   W4-130: ensemble=0.4904 tier=LOW_CONFIDENCE
2026-06-15 09:46:28,429 [INFO]   W4-131: ensemble=0.6843 tier=MODERATE_CONFIDENCE
2026-06-15 09:46:28,429 [INFO]   W4-132: ensemble=0.5444 tier=MODERATE_CONFIDENCE
2026-06-15 09:46:28,430 [INFO]   W4-133: ensemble=0.6843 tier=MODERATE_CONFIDENCE
2026-06-15 09:46:28,430 [INFO]   W4-134: ensemble=0.6843 tier=MODERATE_CONFIDENCE
2026-06-15 09:46:28,430 [INFO]   W4-135: ensemble=0.6843 tier=MODERATE_CONFIDENCE
2026-06-15 09:46:28,431 [INFO]   W4-136: ensemble=0.6843 tier=MODERATE_CONFIDENCE
2026-06-15 09:46:28,431 [INFO]   W4-137: ensemble=0.6843 tier=MODERATE_CONFIDENCE
2026-06-15 09:46:28,432 [INFO]   W4-138: ensemble=0.6843 tier=MODERATE_CONFIDENCE
2026-06-15 09:46:28,432 [INFO]   W4-139: ensemble=0.6843 tier=MODERATE_CONFIDENCE
2026-06-15 09:46:28,433 [INFO]   W4-140: ensemble=0.6843 tier=MODERATE_CONFIDENCE
2026-06-15 09:46:28,433 [INFO]   W4-141: ensemble=0.6843 tier=MODERATE_CONFIDENCE
2026-06-15 09:46:28,433 [INFO]   W4-142: ensemble=0.6843 tier=MODERATE_CONFIDENCE
2026-06-15 09:46:28,434 [INFO]   W4-143: ensemble=0.6843 tier=MODERATE_CONFIDENCE
2026-06-15 09:46:28,434 [INFO]   W4-144: ensemble=0.6843 tier=MODERATE_CONFIDENCE
2026-06-15 09:46:28,434 [INFO]   W4-145: ensemble=0.6843 tier=MODERATE_CONFIDENCE
2026-06-15 09:46:28,434 [INFO]   W4-146: ensemble=0.6843 tier=MODERATE_CONFIDENCE
2026-06-15 09:46:28,435 [INFO]   W4-147: ensemble=0.6843 tier=MODERATE_CONFIDENCE
2026-06-15 09:46:28,435 [INFO]   W4-148: ensemble=0.6843 tier=MODERATE_CONFIDENCE
2026-06-15 09:46:28,435 [INFO]   W4-149: ensemble=0.6843 tier=MODERATE_CONFIDENCE
2026-06-15 09:46:28,435 [INFO]   W4-150: ensemble=0.4904 tier=LOW_CONFIDENCE
2026-06-15 09:46:28,436 [INFO]   W4-151: ensemble=0.6843 tier=MODERATE_CONFIDENCE
2026-06-15 09:46:28,436 [INFO]   W4-152: ensemble=0.6843 tier=MODERATE_CONFIDENCE
2026-06-15 09:46:28,436 [INFO]   W4-153: ensemble=0.6843 tier=MODERATE_CONFIDENCE
2026-06-15 09:46:28,437 [INFO]   W4-154: ensemble=0.6843 tier=MODERATE_CONFIDENCE
2026-06-15 09:46:28,437 [INFO]   W4-155: ensemble=0.5444 tier=MODERATE_CONFIDENCE
2026-06-15 09:46:28,437 [INFO]   W5-166: ensemble=0.5444 tier=MODERATE_CONFIDENCE
2026-06-15 09:46:28,438 [INFO]   W5-167: ensemble=0.6843 tier=MODERATE_CONFIDENCE
2026-06-15 09:46:28,438 [INFO]   W5-168: ensemble=0.5089 tier=MODERATE_CONFIDENCE
2026-06-15 09:46:28,438 [INFO]   W5-169: ensemble=0.5444 tier=MODERATE_CONFIDENCE
2026-06-15 09:46:28,439 [INFO]   W5-170: ensemble=0.6843 tier=MODERATE_CONFIDENCE
2026-06-15 09:46:28,439 [INFO]   W5-171: ensemble=0.5444 tier=MODERATE_CONFIDENCE
2026-06-15 09:46:28,439 [INFO]   W5-172: ensemble=0.6843 tier=MODERATE_CONFIDENCE
2026-06-15 09:46:28,440 [INFO]   W5-173: ensemble=0.6843 tier=MODERATE_CONFIDENCE
2026-06-15 09:46:28,440 [INFO]   W5-174: ensemble=0.5089 tier=MODERATE_CONFIDENCE
2026-06-15 09:46:28,440 [INFO]   W5-175: ensemble=0.6843 tier=MODERATE_CONFIDENCE
2026-06-15 09:46:28,441 [INFO]   W5-176: ensemble=0.6843 tier=MODERATE_CONFIDENCE
2026-06-15 09:46:28,441 [INFO]   W5-177: ensemble=0.6843 tier=MODERATE_CONFIDENCE
2026-06-15 09:46:28,441 [INFO]   W5-178: ensemble=0.5089 tier=MODERATE_CONFIDENCE
2026-06-15 09:46:28,442 [INFO]   W5-179: ensemble=0.6843 tier=MODERATE_CONFIDENCE
2026-06-15 09:46:28,442 [INFO]   W5-180: ensemble=0.6843 tier=MODERATE_CONFIDENCE
2026-06-15 09:46:28,442 [INFO]   W5-181: ensemble=0.6843 tier=MODERATE_CONFIDENCE
2026-06-15 09:46:28,442 [INFO]   W5-182: ensemble=0.5444 tier=MODERATE_CONFIDENCE
2026-06-15 09:46:28,443 [INFO]   W5-183: ensemble=0.6843 tier=MODERATE_CONFIDENCE
2026-06-15 09:46:28,443 [INFO]   W5-184: ensemble=0.6843 tier=MODERATE_CONFIDENCE
2026-06-15 09:46:28,443 [INFO]   W5-185: ensemble=0.6843 tier=MODERATE_CONFIDENCE
2026-06-15 09:46:28,444 [INFO]   W5-186: ensemble=0.6843 tier=MODERATE_CONFIDENCE
2026-06-15 09:46:28,444 [INFO]   W5-187: ensemble=0.6843 tier=MODERATE_CONFIDENCE
2026-06-15 09:46:28,445 [INFO]   W5-188: ensemble=0.6843 tier=MODERATE_CONFIDENCE
2026-06-15 09:46:28,445 [INFO]   W5-189: ensemble=0.6843 tier=MODERATE_CONFIDENCE
2026-06-15 09:46:28,445 [INFO]   W5-190: ensemble=0.6843 tier=MODERATE_CONFIDENCE
2026-06-15 09:46:28,445 [INFO]   W5-191: ensemble=0.6843 tier=MODERATE_CONFIDENCE
2026-06-15 09:46:28,446 [INFO]   W5-192: ensemble=0.6843 tier=MODERATE_CONFIDENCE
2026-06-15 09:46:28,446 [INFO]   W5-193: ensemble=0.5444 tier=MODERATE_CONFIDENCE
2026-06-15 09:46:28,446 [INFO]   W5-194: ensemble=0.5444 tier=MODERATE_CONFIDENCE
2026-06-15 09:46:28,447 [INFO]   W5-195: ensemble=0.5444 tier=MODERATE_CONFIDENCE
2026-06-15 09:46:28,447 [INFO]   W5-196: ensemble=0.6843 tier=MODERATE_CONFIDENCE
2026-06-15 09:46:28,448 [INFO]   W5-197: ensemble=0.6843 tier=MODERATE_CONFIDENCE
2026-06-15 09:46:28,448 [INFO]   W5-198: ensemble=0.6843 tier=MODERATE_CONFIDENCE
2026-06-15 09:46:28,448 [INFO]   W5-199: ensemble=0.6843 tier=MODERATE_CONFIDENCE
2026-06-15 09:46:28,449 [INFO]   W5-200: ensemble=0.6843 tier=MODERATE_CONFIDENCE
2026-06-15 09:46:28,449 [INFO]   W5-201: ensemble=0.6843 tier=MODERATE_CONFIDENCE
2026-06-15 09:46:28,450 [INFO]   W5-202: ensemble=0.6843 tier=MODERATE_CONFIDENCE
2026-06-15 09:46:28,450 [INFO]   W5-203: ensemble=0.4904 tier=LOW_CONFIDENCE
2026-06-15 09:46:28,450 [INFO]   W5-204: ensemble=0.5444 tier=MODERATE_CONFIDENCE
2026-06-15 09:46:28,451 [INFO]   W5-205: ensemble=0.6843 tier=MODERATE_CONFIDENCE
2026-06-15 09:46:28,451 [INFO]   W5-206: ensemble=0.5444 tier=MODERATE_CONFIDENCE
2026-06-15 09:46:28,452 [INFO]   W5-207: ensemble=0.6843 tier=MODERATE_CONFIDENCE
2026-06-15 09:46:28,452 [INFO]   W5-208: ensemble=0.6843 tier=MODERATE_CONFIDENCE
2026-06-15 09:46:28,453 [INFO]   W5-209: ensemble=0.5444 tier=MODERATE_CONFIDENCE
2026-06-15 09:46:28,453 [INFO]   W5-210: ensemble=0.6843 tier=MODERATE_CONFIDENCE
2026-06-15 09:46:28,453 [INFO]   W5-211: ensemble=0.6843 tier=MODERATE_CONFIDENCE
2026-06-15 09:46:28,454 [INFO]   W5-212: ensemble=0.5444 tier=MODERATE_CONFIDENCE
2026-06-15 09:46:28,454 [INFO]   W5-213: ensemble=0.6843 tier=MODERATE_CONFIDENCE
2026-06-15 09:46:28,454 [INFO]   W5-214: ensemble=0.6843 tier=MODERATE_CONFIDENCE
2026-06-15 09:46:28,455 [INFO]   W5-215: ensemble=0.6843 tier=MODERATE_CONFIDENCE
2026-06-15 09:46:28,455 [INFO]   W5-216: ensemble=0.6843 tier=MODERATE_CONFIDENCE
2026-06-15 09:46:28,456 [INFO]   W5-217: ensemble=0.6843 tier=MODERATE_CONFIDENCE
2026-06-15 09:46:28,456 [INFO]   W5-218: ensemble=0.6843 tier=MODERATE_CONFIDENCE
2026-06-15 09:46:28,456 [INFO]   W5-219: ensemble=0.6843 tier=MODERATE_CONFIDENCE
2026-06-15 09:46:28,456 [INFO]   W5-220: ensemble=0.6843 tier=MODERATE_CONFIDENCE
2026-06-15 09:46:28,457 [INFO]   W5-221: ensemble=0.6843 tier=MODERATE_CONFIDENCE
2026-06-15 09:46:28,457 [INFO]   W5-222: ensemble=0.6843 tier=MODERATE_CONFIDENCE
2026-06-15 09:46:28,457 [INFO]   W5-223: ensemble=0.5444 tier=MODERATE_CONFIDENCE
2026-06-15 09:46:28,458 [INFO]   W5-224: ensemble=0.6843 tier=MODERATE_CONFIDENCE
2026-06-15 09:46:28,458 [INFO]   W5-225: ensemble=0.6843 tier=MODERATE_CONFIDENCE
2026-06-15 09:46:29,154 [INFO] Saved: week6_plots\ensemble_signal_scatter.png
2026-06-15 09:46:29,424 [INFO] Saved: week6_plots\ensemble_confidence_tiers.png
2026-06-15 09:46:33,904 [INFO] Saved: week6_plots\ensemble_component_breakdown.png
2026-06-15 09:46:33,911 [INFO] Mean ensemble confidence : 0.6644
2026-06-15 09:46:33,912 [INFO] High confidence records  : 36
2026-06-15 09:46:33,912 [INFO] Output                   : week6_ensemble_confidence.json
2026-06-15 09:46:33,912 [INFO] ============================================================
